<?xml version="1.0" encoding="UTF-8"?>
<testsuite xmlns:xsi="http://www.w3.org/2001/XMLSchema-instance" xsi:noNamespaceSchemaLocation="https://maven.apache.org/surefire/maven-surefire-plugin/xsd/surefire-test-report-3.0.xsd" version="3.0" name="sep3.sep3tier3v1.Sep3Tier3V1ApplicationTests" time="3.027" tests="1" errors="0" skipped="0" failures="0">
  <properties>
[...]
</properties>
  <testcase name="contextLoads" classname="sep3.sep3tier3v1.Sep3Tier3V1ApplicationTests" time="0.794">
    <system-out><![CDATA[16:27:52.982 [main] INFO org.springframework.test.context.support.AnnotationConfigContextLoaderUtils -- Could not detect default configuration classes for test class [sep3.sep3tier3v1.Sep3Tier3V1ApplicationTests]: Sep3Tier3V1ApplicationTests does not declare any static, non-private, non-final, nested classes annotated with @Configuration.
16:27:53.149 [main] INFO org.springframework.boot.test.context.SpringBootTestContextBootstrapper -- Found @SpringBootConfiguration sep3.sep3tier3v1.Sep3Tier3V1Application for test class sep3.sep3tier3v1.Sep3Tier3V1ApplicationTests

  .   ____          _            __ _ _
 /\\ / ___'_ __ _ _(_)_ __  __ _ \ \ \ \
( ( )\___ | '_ | '_| | '_ \/ _` | \ \ \ \
 \\/  ___)| |_)| | | | | || (_| |  ) ) ) )
  '  |____| .__|_| |_|_| |_\__, | / / / /
 =========|_|==============|___/=/_/_/_/
 :: Spring Boot ::                (v3.1.4)

2023-10-13T16:27:53.671+02:00  INFO 9952 --- [           main] s.s.Sep3Tier3V1ApplicationTests          : Starting Sep3Tier3V1ApplicationTests using Java 17.0.4 with PID 9952 (started by sliwa in C:\GitLocalLaptop\SEP3_Project\SEP3Tier3V1)
2023-10-13T16:27:53.672+02:00  INFO 9952 --- [           main] s.s.Sep3Tier3V1ApplicationTests          : No active profile set, falling back to 1 default profile: "default"
2023-10-13T16:27:54.328+02:00  INFO 9952 --- [           main] g.s.a.GrpcServerFactoryAutoConfiguration : Detected grpc-netty-shaded: Creating ShadedNettyGrpcServerFactory
2023-10-13T16:27:54.725+02:00  INFO 9952 --- [           main] n.d.b.g.s.s.AbstractGrpcServerFactory    : Registered gRPC service: grpc.health.v1.Health, bean: grpcHealthService, class: io.grpc.protobuf.services.HealthServiceImpl
2023-10-13T16:27:54.725+02:00  INFO 9952 --- [           main] n.d.b.g.s.s.AbstractGrpcServerFactory    : Registered gRPC service: grpc.reflection.v1alpha.ServerReflection, bean: protoReflectionService, class: io.grpc.protobuf.services.ProtoReflectionService
2023-10-13T16:27:54.928+02:00  INFO 9952 --- [           main] n.d.b.g.s.s.GrpcServerLifecycle          : gRPC Server started, listening on address: *, port: 8003
2023-10-13T16:27:54.936+02:00  INFO 9952 --- [           main] s.s.Sep3Tier3V1ApplicationTests          : Started Sep3Tier3V1ApplicationTests in 1.57 seconds (process running for 2.886)
]]></system-out>
  </testcase>
</testsuite>